<?xml version="1.0" encoding="UTF-8"?>
<testng-results ignored="0" total="1" passed="1" failed="0" skipped="0">
  <reporter-output>
  </reporter-output>
  <suite started-at="2021-10-14T19:54:13 IST" name="Default suite" finished-at="2021-10-14T19:54:15 IST" duration-ms="2572">
    <groups>
    </groups>
    <test started-at="2021-10-14T19:54:13 IST" name="Default test" finished-at="2021-10-14T19:54:15 IST" duration-ms="2572">
      <class name="TestLayer.Demo">
        <test-method signature="validateGetMethod()[pri:0, instance:TestLayer.Demo@687e99d8]" started-at="2021-10-14T19:54:13 IST" name="validateGetMethod" finished-at="2021-10-14T19:54:15 IST" duration-ms="2532" status="PASS">
          <reporter-output>
          </reporter-output>
        </test-method> <!-- validateGetMethod -->
      </class> <!-- TestLayer.Demo -->
    </test> <!-- Default test -->
  </suite> <!-- Default suite -->
</testng-results>
